# JRE version: OpenJDK Runtime Environment (8.0_152-b01) (build 1.8.0_152-release-1343-b01)
# Java VM: OpenJDK 64-Bit Server VM (25.152-b01 mixed mode bsd-amd64 compressed oops)
Heap:
 PSYoungGen      total 236032K, used 27286K [0x00000007a0000000, 0x00000007b1b00000, 0x00000007c0000000)
  eden space 211968K, 1% used [0x00000007a0000000,0x00000007a0326f38,0x00000007acf00000)
  from space 24064K, 99% used [0x00000007acf00000,0x00000007ae67e9f8,0x00000007ae680000)
  to   space 27136K, 0% used [0x00000007b0080000,0x00000007b0080000,0x00000007b1b00000)
 ParOldGen       total 263680K, used 35276K [0x0000000760000000, 0x0000000770180000, 0x00000007a0000000)
  object space 263680K, 13% used [0x0000000760000000,0x0000000762273150,0x0000000770180000)
 Metaspace       used 79685K, capacity 82486K, committed 82560K, reserved 1120256K
  class space    used 10261K, capacity 10845K, committed 10880K, reserved 1048576K
GC Heap History (10 events):
Event: 5.793 GC heap before
{Heap before GC invocations=10 (full 2):
 PSYoungGen      total 148992K, used 105584K [0x00000007a0000000, 0x00000007adc00000, 0x00000007c0000000)
  eden space 135680K, 68% used [0x00000007a0000000,0x00000007a5a20ef8,0x00000007a8480000)
  from space 13312K, 99% used [0x00000007a8480000,0x00000007a917b3b0,0x00000007a9180000)
  to   space 17408K, 0% used [0x00000007acb00000,0x00000007acb00000,0x00000007adc00000)
 ParOldGen       total 179712K, used 21796K [0x0000000760000000, 0x000000076af80000, 0x00000007a0000000)
  object space 179712K, 12% used [0x0000000760000000,0x0000000761549330,0x000000076af80000)
 Metaspace       used 57435K, capacity 58922K, committed 59096K, reserved 1099776K
  class space    used 7623K, capacity 7943K, committed 8064K, reserved 1048576K
Event: 5.805 GC heap after
Heap after GC invocations=10 (full 2):
 PSYoungGen      total 205312K, used 17382K [0x00000007a0000000, 0x00000007ae080000, 0x00000007c0000000)
  eden space 187904K, 0% used [0x00000007a0000000,0x00000007a0000000,0x00000007ab780000)
  from space 17408K, 99% used [0x00000007acb00000,0x00000007adbf9890,0x00000007adc00000)
  to   space 19968K, 0% used [0x00000007ab780000,0x00000007ab780000,0x00000007acb00000)
 ParOldGen       total 179712K, used 22627K [0x0000000760000000, 0x000000076af80000, 0x00000007a0000000)
  object space 179712K, 12% used [0x0000000760000000,0x0000000761618ec0,0x000000076af80000)
 Metaspace       used 57435K, capacity 58922K, committed 59096K, reserved 1099776K
  class space    used 7623K, capacity 7943K, committed 8064K, reserved 1048576K
}
Event: 5.805 GC heap before
{Heap before GC invocations=11 (full 3):
 PSYoungGen      total 205312K, used 17382K [0x00000007a0000000, 0x00000007ae080000, 0x00000007c0000000)
  eden space 187904K, 0% used [0x00000007a0000000,0x00000007a0000000,0x00000007ab780000)
  from space 17408K, 99% used [0x00000007acb00000,0x00000007adbf9890,0x00000007adc00000)
  to   space 19968K, 0% used [0x00000007ab780000,0x00000007ab780000,0x00000007acb00000)
 ParOldGen       total 179712K, used 22627K [0x0000000760000000, 0x000000076af80000, 0x00000007a0000000)
  object space 179712K, 12% used [0x0000000760000000,0x0000000761618ec0,0x000000076af80000)
 Metaspace       used 57435K, capacity 58922K, committed 59096K, reserved 1099776K
  class space    used 7623K, capacity 7943K, committed 8064K, reserved 1048576K
Event: 5.912 GC heap after
Heap after GC invocations=11 (full 3):
 PSYoungGen      total 205312K, used 0K [0x00000007a0000000, 0x00000007ae080000, 0x00000007c0000000)
  eden space 187904K, 0% used [0x00000007a0000000,0x00000007a0000000,0x00000007ab780000)
  from space 17408K, 0% used [0x00000007acb00000,0x00000007acb00000,0x00000007adc00000)
  to   space 19968K, 0% used [0x00000007ab780000,0x00000007ab780000,0x00000007acb00000)
 ParOldGen       total 263680K, used 32777K [0x0000000760000000, 0x0000000770180000, 0x00000007a0000000)
  object space 263680K, 12% used [0x0000000760000000,0x0000000762002500,0x0000000770180000)
 Metaspace       used 57409K, capacity 58834K, committed 59096K, reserved 1099776K
  class space    used 7616K, capacity 7935K, committed 8064K, reserved 1048576K
}
Event: 19.632 GC heap before
{Heap before GC invocations=12 (full 3):
 PSYoungGen      total 205312K, used 187904K [0x00000007a0000000, 0x00000007ae080000, 0x00000007c0000000)
  eden space 187904K, 100% used [0x00000007a0000000,0x00000007ab780000,0x00000007ab780000)
  from space 17408K, 0% used [0x00000007acb00000,0x00000007acb00000,0x00000007adc00000)
  to   space 19968K, 0% used [0x00000007ab780000,0x00000007ab780000,0x00000007acb00000)
 ParOldGen       total 263680K, used 32777K [0x0000000760000000, 0x0000000770180000, 0x00000007a0000000)
  object space 263680K, 12% used [0x0000000760000000,0x0000000762002500,0x0000000770180000)
 Metaspace       used 67848K, capacity 69922K, committed 70016K, reserved 1110016K
  class space    used 9109K, capacity 9583K, committed 9600K, reserved 1048576K
Event: 19.644 GC heap after
Heap after GC invocations=12 (full 3):
 PSYoungGen      total 207872K, used 16427K [0x00000007a0000000, 0x00000007afd80000, 0x00000007c0000000)
  eden space 187904K, 0% used [0x00000007a0000000,0x00000007a0000000,0x00000007ab780000)
  from space 19968K, 82% used [0x00000007ab780000,0x00000007ac78af60,0x00000007acb00000)
  to   space 20992K, 0% used [0x00000007ae900000,0x00000007ae900000,0x00000007afd80000)
 ParOldGen       total 263680K, used 32785K [0x0000000760000000, 0x0000000770180000, 0x00000007a0000000)
  object space 263680K, 12% used [0x0000000760000000,0x0000000762004500,0x0000000770180000)
 Metaspace       used 67848K, capacity 69922K, committed 70016K, reserved 1110016K
  class space    used 9109K, capacity 9583K, committed 9600K, reserved 1048576K
}
Event: 57.860 GC heap before
{Heap before GC invocations=13 (full 3):
 PSYoungGen      total 207872K, used 204331K [0x00000007a0000000, 0x00000007afd80000, 0x00000007c0000000)
  eden space 187904K, 100% used [0x00000007a0000000,0x00000007ab780000,0x00000007ab780000)
  from space 19968K, 82% used [0x00000007ab780000,0x00000007ac78af60,0x00000007acb00000)
  to   space 20992K, 0% used [0x00000007ae900000,0x00000007ae900000,0x00000007afd80000)
 ParOldGen       total 263680K, used 32785K [0x0000000760000000, 0x0000000770180000, 0x00000007a0000000)
  object space 263680K, 12% used [0x0000000760000000,0x0000000762004500,0x0000000770180000)
 Metaspace       used 75580K, capacity 78264K, committed 78592K, reserved 1118208K
  class space    used 9867K, capacity 10432K, committed 10496K, reserved 1048576K
Event: 57.880 GC heap after
Heap after GC invocations=13 (full 3):
 PSYoungGen      total 232960K, used 20980K [0x00000007a0000000, 0x00000007afe00000, 0x00000007c0000000)
  eden space 211968K, 0% used [0x00000007a0000000,0x00000007a0000000,0x00000007acf00000)
  from space 20992K, 99% used [0x00000007ae900000,0x00000007afd7d0f0,0x00000007afd80000)
  to   space 24064K, 0% used [0x00000007acf00000,0x00000007acf00000,0x00000007ae680000)
 ParOldGen       total 263680K, used 34670K [0x0000000760000000, 0x0000000770180000, 0x00000007a0000000)
  object space 263680K, 13% used [0x0000000760000000,0x00000007621dba08,0x0000000770180000)
 Metaspace       used 75580K, capacity 78264K, committed 78592K, reserved 1118208K
  class space    used 9867K, capacity 10432K, committed 10496K, reserved 1048576K
}
Event: 63.210 GC heap before
{Heap before GC invocations=14 (full 3):
 PSYoungGen      total 232960K, used 232948K [0x00000007a0000000, 0x00000007afe00000, 0x00000007c0000000)
  eden space 211968K, 100% used [0x00000007a0000000,0x00000007acf00000,0x00000007acf00000)
  from space 20992K, 99% used [0x00000007ae900000,0x00000007afd7d0f0,0x00000007afd80000)
  to   space 24064K, 0% used [0x00000007acf00000,0x00000007acf00000,0x00000007ae680000)
 ParOldGen       total 263680K, used 34670K [0x0000000760000000, 0x0000000770180000, 0x00000007a0000000)
  object space 263680K, 13% used [0x0000000760000000,0x00000007621dba08,0x0000000770180000)
 Metaspace       used 79647K, capacity 82408K, committed 82560K, reserved 1120256K
  class space    used 10255K, capacity 10842K, committed 10880K, reserved 1048576K
Event: 63.225 GC heap after
Heap after GC invocations=14 (full 3):
 PSYoungGen      total 236032K, used 24058K [0x00000007a0000000, 0x00000007b1b00000, 0x00000007c0000000)
  eden space 211968K, 0% used [0x00000007a0000000,0x00000007a0000000,0x00000007acf00000)
  from space 24064K, 99% used [0x00000007acf00000,0x00000007ae67e9f8,0x00000007ae680000)
  to   space 27136K, 0% used [0x00000007b0080000,0x00000007b0080000,0x00000007b1b00000)
 ParOldGen       total 263680K, used 35276K [0x0000000760000000, 0x0000000770180000, 0x00000007a0000000)
  object space 263680K, 13% used [0x0000000760000000,0x0000000762273150,0x0000000770180000)
 Metaspace       used 79647K, capacity 82408K, committed 82560K, reserved 1120256K
  class space    used 10255K, capacity 10842K, committed 10880K, reserved 1048576K
}

